Using pre-set license
Built from '2020.3/staging' branch; Version is '2020.3.25f1 (9b9180224418) revision 10195328'; Using compiler version '192528614'; Build Type 'Release'
OS: 'Windows 10  (10.0.19043) 64bit Core' Language: 'en' Physical Memory: 16166 MB
BatchMode: 1, IsHumanControllingUs: 0, StartBugReporterOnCrash: 0, Is64bit: 1, IsPro: 0

COMMAND LINE ARGUMENTS:
C:\Users\acryl\OneDrive\Desktop\2020.3.25f1\Editor\Unity.exe
-adb2
-batchMode
-noUpm
-name
AssetImportWorker0
-projectPath
C:/Users/acryl/OneDrive/Documents/GitHub/VisuoVestibularIllusion/VV_OculusController
-logFile
Logs/AssetImportWorker0.log
-srvPort
56358
Successfully changed project path to: C:/Users/acryl/OneDrive/Documents/GitHub/VisuoVestibularIllusion/VV_OculusController
C:/Users/acryl/OneDrive/Documents/GitHub/VisuoVestibularIllusion/VV_OculusController
Using Asset Import Pipeline V2.
Refreshing native plugins compatible for Editor in 116.93 ms, found 6 plugins.
Preloading 1 native plugins for Editor in 0.90 ms.
Initialize engine version: 2020.3.25f1 (9b9180224418)
[Subsystems] Discovering subsystems at path C:/Users/acryl/OneDrive/Desktop/2020.3.25f1/Editor/Data/Resources/UnitySubsystems
[Subsystems] Discovering subsystems at path C:/Users/acryl/OneDrive/Documents/GitHub/VisuoVestibularIllusion/VV_OculusController/Assets
GfxDevice: creating device client; threaded=0
Direct3D:
    Version:  Direct3D 11.0 [level 11.1]
    Renderer: NVIDIA GeForce RTX 2060 (ID=0x1f15)
    Vendor:   
    VRAM:     5980 MB
    Driver:   30.0.14.9729
Shader 'Oculus/OVRMRCameraFrameLit': fallback shader 'Alpha-Diffuse' not found
Initialize mono
Mono path[0] = 'C:/Users/acryl/OneDrive/Desktop/2020.3.25f1/Editor/Data/Managed'
Mono path[1] = 'C:/Users/acryl/OneDrive/Desktop/2020.3.25f1/Editor/Data/MonoBleedingEdge/lib/mono/unityjit'
Mono config path = 'C:/Users/acryl/OneDrive/Desktop/2020.3.25f1/Editor/Data/MonoBleedingEdge/etc'
Using monoOptions --debugger-agent=transport=dt_socket,embedding=1,server=y,suspend=n,address=127.0.0.1:56996
Begin MonoManager ReloadAssembly
Registering precompiled unity dll's ...
Register platform support module: C:/Users/acryl/OneDrive/Desktop/2020.3.25f1/Editor/Data/PlaybackEngines/WindowsStandaloneSupport/UnityEditor.WindowsStandalone.Extensions.dll
Registered in 0.003808 seconds.
Native extension for WindowsStandalone target not found
Refreshing native plugins compatible for Editor in 96.93 ms, found 6 plugins.
Preloading 1 native plugins for Editor in 0.12 ms.
Mono: successfully reloaded assembly
- Completed reload, in  0.846 seconds
Domain Reload Profiling:
	ReloadAssembly (847ms)
		BeginReloadAssembly (72ms)
			ExecutionOrderSort (0ms)
			DisableScriptedObjects (0ms)
			BackupInstance (0ms)
			ReleaseScriptingObjects (0ms)
			CreateAndSetChildDomain (1ms)
		EndReloadAssembly (666ms)
			LoadAssemblies (68ms)
			RebuildTransferFunctionScriptingTraits (0ms)
			SetupTypeCache (231ms)
			ReleaseScriptCaches (0ms)
			RebuildScriptCaches (34ms)
			SetupLoadedEditorAssemblies (267ms)
				LogAssemblyErrors (0ms)
				InitializePlatformSupportModulesInManaged (5ms)
				SetLoadedEditorAssemblies (0ms)
				RefreshPlugins (97ms)
				BeforeProcessingInitializeOnLoad (11ms)
				ProcessInitializeOnLoadAttributes (112ms)
				ProcessInitializeOnLoadMethodAttributes (41ms)
				AfterProcessingInitializeOnLoad (0ms)
				EditorAssembliesLoaded (0ms)
			ExecutionOrderSort2 (0ms)
			AwakeInstancesAfterBackupRestoration (0ms)
Platform modules already initialized, skipping
Registering precompiled user dll's ...
Registered in 0.007622 seconds.
Begin MonoManager ReloadAssembly
Native extension for WindowsStandalone target not found
Refreshing native plugins compatible for Editor in 1.00 ms, found 6 plugins.
Preloading 1 native plugins for Editor in 0.13 ms.
[XR] OculusXRPlugin: registering subsystems
[XR] Unable to register display lifecyle provider: [1]
[XR] Oculus Input lifecycle provider registered.
[XR] Unable to register input lifecyle provider: [1]
System.Reflection.TargetInvocationException: Exception has been thrown by the target of an invocation. ---> System.NullReferenceException: Object reference not set to an instance of an object
  at Unity.XR.Oculus.OculusLoader.AssetPathToAbsolutePath (System.String assetPath) [0x00048] in C:\Users\acryl\OneDrive\Documents\GitHub\VisuoVestibularIllusion\VV_OculusController\Library\PackageCache\com.unity.xr.oculus@1.11.2\Runtime\OculusLoader.cs:250 
  at Unity.XR.Oculus.OculusLoader.EditorLoadOVRPlugin () [0x0007b] in C:\Users\acryl\OneDrive\Documents\GitHub\VisuoVestibularIllusion\VV_OculusController\Library\PackageCache\com.unity.xr.oculus@1.11.2\Runtime\OculusLoader.cs:235 
  at (wrapper managed-to-native) System.Reflection.MonoMethod.InternalInvoke(System.Reflection.MonoMethod,object,object[],System.Exception&)
  at System.Reflection.MonoMethod.Invoke (System.Object obj, System.Reflection.BindingFlags invokeAttr, System.Reflection.Binder binder, System.Object[] parameters, System.Globalization.CultureInfo culture) [0x00032] in <695d1cc93cca45069c528c15c9fdd749>:0 
   --- End of inner exception stack trace ---
  at System.Reflection.MonoMethod.Invoke (System.Object obj, System.Reflection.BindingFlags invokeAttr, System.Reflection.Binder binder, System.Object[] parameters, System.Globalization.CultureInfo culture) [0x00048] in <695d1cc93cca45069c528c15c9fdd749>:0 
  at System.Reflection.MethodBase.Invoke (System.Object obj, System.Object[] parameters) [0x00000] in <695d1cc93cca45069c528c15c9fdd749>:0 
  at UnityEditor.EditorAssemblies.ProcessInitializeOnLoadMethodAttributes () [0x00047] in <7ac35247888b44f4a7e290f1f6bb33f3>:0 
UnityEngine.StackTraceUtility:ExtractStackTrace ()
UnityEngine.DebugLogHandler:LogFormat (UnityEngine.LogType,UnityEngine.Object,string,object[])
UnityEngine.Logger:Log (UnityEngine.LogType,object)
UnityEngine.Debug:LogError (object)
UnityEditor.EditorAssemblies:ProcessInitializeOnLoadMethodAttributes ()

Mono: successfully reloaded assembly
- Completed reload, in  1.654 seconds
Domain Reload Profiling:
	ReloadAssembly (1655ms)
		BeginReloadAssembly (183ms)
			ExecutionOrderSort (0ms)
			DisableScriptedObjects (6ms)
			BackupInstance (0ms)
			ReleaseScriptingObjects (0ms)
			CreateAndSetChildDomain (22ms)
		EndReloadAssembly (1379ms)
			LoadAssemblies (131ms)
			RebuildTransferFunctionScriptingTraits (0ms)
			SetupTypeCache (439ms)
			ReleaseScriptCaches (1ms)
			RebuildScriptCaches (159ms)
			SetupLoadedEditorAssemblies (481ms)
				LogAssemblyErrors (0ms)
				InitializePlatformSupportModulesInManaged (6ms)
				SetLoadedEditorAssemblies (1ms)
				RefreshPlugins (1ms)
				BeforeProcessingInitializeOnLoad (113ms)
				ProcessInitializeOnLoadAttributes (317ms)
				ProcessInitializeOnLoadMethodAttributes (31ms)
				AfterProcessingInitializeOnLoad (12ms)
				EditorAssembliesLoaded (0ms)
			ExecutionOrderSort2 (0ms)
			AwakeInstancesAfterBackupRestoration (8ms)
Platform modules already initialized, skipping
========================================================================
Worker process is ready to serve import requests
Shader 'Oculus/OVRMRCameraFrameLit': fallback shader 'Alpha-Diffuse' not found
Launched and connected shader compiler UnityShaderCompiler.exe after 0.09 seconds
Refreshing native plugins compatible for Editor in 1.82 ms, found 6 plugins.
Preloading 1 native plugins for Editor in 0.19 ms.
Unloading 2663 Unused Serialized files (Serialized files now loaded: 0)
System memory in use before: 119.6 MB.
System memory in use after: 119.8 MB.

Unloading 36 unused Assets to reduce memory usage. Loaded Objects now: 3088.
Total: 4.156100 ms (FindLiveObjects: 0.290900 ms CreateObjectMapping: 0.191900 ms MarkObjects: 3.546300 ms  DeleteObjects: 0.125300 ms)

AssetImportParameters requested are different than current active one (requested -> active):
  custom:framework-win-MediaFoundation: 216162199b28c13a410421893ffa2e32 -> 
  custom:video-decoder-ogg-theora: a1e56fd34408186e4bbccfd4996cb3dc -> 
  custom:container-muxer-webm: aa71ff27fc2769a1b78a27578f13a17b -> 
  custom:container-demuxer-webm: 4f35f7cbe854078d1ac9338744f61a02 -> 
  custom:container-demuxer-ogg: 62fdf1f143b41e24485cea50d1cbac27 -> 
  custom:video-encoder-webm-vp8: eb34c28f22e8b96e1ab97ce403110664 -> 
  custom:video-codec-MediaFoundation-h265: 746d11721c4dcdbdad8f713fa42b33f4 -> 
  custom:video-decoder-webm-vp8: 9c59270c3fd7afecdb556c50c9e8de78 -> 
  custom:audio-decoder-ogg-vorbis: bf7c407c2cedff20999df2af8eb42d56 -> 
  custom:audio-encoder-webm-vorbis: bf7c407c2cedff20999df2af8eb42d56 -> 
========================================================================
Received Import Request.
  path: Assets/Controller Tester/Scenes/controllerTest.unity
  artifactKey: Guid(f4b5988cbcf23d04a83de3a482f540d8) Importer(815301076,1909f56bfc062723c751e8b465ee728b)
Start importing Assets/Controller Tester/Scenes/controllerTest.unity using Guid(f4b5988cbcf23d04a83de3a482f540d8) Importer(815301076,1909f56bfc062723c751e8b465ee728b)  -> (artifact id: 'ba1ff6465b29d55d54f9c06c529f68c1') in 0.034358 seconds 
  Import took 0.040752 seconds .

========================================================================
Received Import Request.
  Time since last request: 0.000294 seconds.
  path: Assets/Controller Tester/Scenes
  artifactKey: Guid(620ca4cd21900d6419598f12bc0ce53e) Importer(815301076,1909f56bfc062723c751e8b465ee728b)
Start importing Assets/Controller Tester/Scenes using Guid(620ca4cd21900d6419598f12bc0ce53e) Importer(815301076,1909f56bfc062723c751e8b465ee728b)  -> (artifact id: '3892ca75d0000dc7a909a7d6ea45f13a') in 0.017989 seconds 
  Import took 0.025089 seconds .

========================================================================
Received Prepare
Registering precompiled user dll's ...
Registered in 0.006328 seconds.
Begin MonoManager ReloadAssembly
Native extension for WindowsStandalone target not found
Refreshing native plugins compatible for Editor in 2.09 ms, found 6 plugins.
Preloading 1 native plugins for Editor in 0.10 ms.
System.Reflection.TargetInvocationException: Exception has been thrown by the target of an invocation. ---> System.NullReferenceException: Object reference not set to an instance of an object
  at Unity.XR.Oculus.OculusLoader.AssetPathToAbsolutePath (System.String assetPath) [0x00048] in C:\Users\acryl\OneDrive\Documents\GitHub\VisuoVestibularIllusion\VV_OculusController\Library\PackageCache\com.unity.xr.oculus@1.11.2\Runtime\OculusLoader.cs:250 
  at Unity.XR.Oculus.OculusLoader.EditorLoadOVRPlugin () [0x0007b] in C:\Users\acryl\OneDrive\Documents\GitHub\VisuoVestibularIllusion\VV_OculusController\Library\PackageCache\com.unity.xr.oculus@1.11.2\Runtime\OculusLoader.cs:235 
  at (wrapper managed-to-native) System.Reflection.MonoMethod.InternalInvoke(System.Reflection.MonoMethod,object,object[],System.Exception&)
  at System.Reflection.MonoMethod.Invoke (System.Object obj, System.Reflection.BindingFlags invokeAttr, System.Reflection.Binder binder, System.Object[] parameters, System.Globalization.CultureInfo culture) [0x00032] in <695d1cc93cca45069c528c15c9fdd749>:0 
   --- End of inner exception stack trace ---
  at System.Reflection.MonoMethod.Invoke (System.Object obj, System.Reflection.BindingFlags invokeAttr, System.Reflection.Binder binder, System.Object[] parameters, System.Globalization.CultureInfo culture) [0x00048] in <695d1cc93cca45069c528c15c9fdd749>:0 
  at System.Reflection.MethodBase.Invoke (System.Object obj, System.Object[] parameters) [0x00000] in <695d1cc93cca45069c528c15c9fdd749>:0 
  at UnityEditor.EditorAssemblies.ProcessInitializeOnLoadMethodAttributes () [0x00047] in <7ac35247888b44f4a7e290f1f6bb33f3>:0 
UnityEngine.StackTraceUtility:ExtractStackTrace ()
UnityEngine.DebugLogHandler:LogFormat (UnityEngine.LogType,UnityEngine.Object,string,object[])
UnityEngine.Logger:Log (UnityEngine.LogType,object)
UnityEngine.Debug:LogError (object)
UnityEditor.EditorAssemblies:ProcessInitializeOnLoadMethodAttributes ()

Mono: successfully reloaded assembly
- Completed reload, in  1.430 seconds
Domain Reload Profiling:
	ReloadAssembly (1431ms)
		BeginReloadAssembly (151ms)
			ExecutionOrderSort (0ms)
			DisableScriptedObjects (6ms)
			BackupInstance (0ms)
			ReleaseScriptingObjects (0ms)
			CreateAndSetChildDomain (45ms)
		EndReloadAssembly (1197ms)
			LoadAssemblies (123ms)
			RebuildTransferFunctionScriptingTraits (0ms)
			SetupTypeCache (436ms)
			ReleaseScriptCaches (1ms)
			RebuildScriptCaches (65ms)
			SetupLoadedEditorAssemblies (416ms)
				LogAssemblyErrors (0ms)
				InitializePlatformSupportModulesInManaged (8ms)
				SetLoadedEditorAssemblies (1ms)
				RefreshPlugins (2ms)
				BeforeProcessingInitializeOnLoad (91ms)
				ProcessInitializeOnLoadAttributes (283ms)
				ProcessInitializeOnLoadMethodAttributes (23ms)
				AfterProcessingInitializeOnLoad (9ms)
				EditorAssembliesLoaded (0ms)
			ExecutionOrderSort2 (0ms)
			AwakeInstancesAfterBackupRestoration (7ms)
Platform modules already initialized, skipping
Shader 'Oculus/OVRMRCameraFrameLit': fallback shader 'Alpha-Diffuse' not found
Refreshing native plugins compatible for Editor in 1.00 ms, found 6 plugins.
Preloading 1 native plugins for Editor in 0.12 ms.
Unloading 2569 Unused Serialized files (Serialized files now loaded: 0)
System memory in use before: 111.4 MB.
System memory in use after: 111.6 MB.

Unloading 31 unused Assets to reduce memory usage. Loaded Objects now: 3091.
Total: 3.821600 ms (FindLiveObjects: 0.340100 ms CreateObjectMapping: 0.216200 ms MarkObjects: 3.239800 ms  DeleteObjects: 0.024000 ms)

AssetImportParameters requested are different than current active one (requested -> active):
  custom:framework-win-MediaFoundation: 216162199b28c13a410421893ffa2e32 -> 
  custom:video-decoder-ogg-theora: a1e56fd34408186e4bbccfd4996cb3dc -> 
  custom:container-muxer-webm: aa71ff27fc2769a1b78a27578f13a17b -> 
  custom:container-demuxer-webm: 4f35f7cbe854078d1ac9338744f61a02 -> 
  custom:container-demuxer-ogg: 62fdf1f143b41e24485cea50d1cbac27 -> 
  custom:video-encoder-webm-vp8: eb34c28f22e8b96e1ab97ce403110664 -> 
  custom:video-codec-MediaFoundation-h265: 746d11721c4dcdbdad8f713fa42b33f4 -> 
  custom:video-decoder-webm-vp8: 9c59270c3fd7afecdb556c50c9e8de78 -> 
  custom:audio-decoder-ogg-vorbis: bf7c407c2cedff20999df2af8eb42d56 -> 
  custom:audio-encoder-webm-vorbis: bf7c407c2cedff20999df2af8eb42d56 -> 
========================================================================
Received Import Request.
  Time since last request: 17.239000 seconds.
  path: Assets/Scenes
  artifactKey: Guid(b7c912a3acf41804685f05d0be3cf250) Importer(815301076,1909f56bfc062723c751e8b465ee728b)
Start importing Assets/Scenes using Guid(b7c912a3acf41804685f05d0be3cf250) Importer(815301076,1909f56bfc062723c751e8b465ee728b)  -> (artifact id: 'c8823970085d212ba4fc19ccabf0cd52') in 0.013608 seconds 
  Import took 0.020759 seconds .

========================================================================
Received Import Request.
  Time since last request: 0.000255 seconds.
  path: Assets/Oculus
  artifactKey: Guid(630a1f8cb0281cb478daf86c18ee7820) Importer(815301076,1909f56bfc062723c751e8b465ee728b)
Start importing Assets/Oculus using Guid(630a1f8cb0281cb478daf86c18ee7820) Importer(815301076,1909f56bfc062723c751e8b465ee728b)  -> (artifact id: '80792213615e1ce874a45777364fee5b') in 0.015748 seconds 
  Import took 0.022689 seconds .

========================================================================
Received Import Request.
  Time since last request: 1.620631 seconds.
  path: Assets/Oculus/Interaction/Samples/Objects/Props/Torch/Models/torchMesh.fbx
  artifactKey: Guid(86c5355f00f45cb48aa6f9a054262758) Importer(815301076,1909f56bfc062723c751e8b465ee728b)
Start importing Assets/Oculus/Interaction/Samples/Objects/Props/Torch/Models/torchMesh.fbx using Guid(86c5355f00f45cb48aa6f9a054262758) Importer(815301076,1909f56bfc062723c751e8b465ee728b)  -> (artifact id: '7823b7fa38a4a261b73414daaa9b57d3') in 0.171257 seconds 
  Import took 0.178070 seconds .

========================================================================
Received Import Request.
  Time since last request: 0.000351 seconds.
  path: Assets/Oculus/Interaction/Samples/Objects/Props/Torch/Materials/torchMaterial.mat
  artifactKey: Guid(88f3e02252cf62c41bf2d9f45cc4d551) Importer(815301076,1909f56bfc062723c751e8b465ee728b)
Start importing Assets/Oculus/Interaction/Samples/Objects/Props/Torch/Materials/torchMaterial.mat using Guid(88f3e02252cf62c41bf2d9f45cc4d551) Importer(815301076,1909f56bfc062723c751e8b465ee728b)  -> (artifact id: '2a108419efcbe70dea01dfa8d05b452d') in 0.203101 seconds 
  Import took 0.211093 seconds .

========================================================================
Received Import Request.
  Time since last request: 0.000267 seconds.
  path: Assets/Oculus/Interaction/Samples/Objects/Props/Torch/Torch.prefab
  artifactKey: Guid(1d9de9ee96c2aac4ea3458b27855f24b) Importer(815301076,1909f56bfc062723c751e8b465ee728b)
Start importing Assets/Oculus/Interaction/Samples/Objects/Props/Torch/Torch.prefab using Guid(1d9de9ee96c2aac4ea3458b27855f24b) Importer(815301076,1909f56bfc062723c751e8b465ee728b)  -> (artifact id: 'fbbb49b87f9026721c771358f6545a57') in 0.099738 seconds 
  Import took 0.107724 seconds .

========================================================================
Received Import Request.
  Time since last request: 0.000364 seconds.
  path: Assets/Oculus/Interaction/Samples/Objects/Props/Torch/Textures/torchTexture_Albedo.png
  artifactKey: Guid(556db76eed328a140ab90ca35c835f01) Importer(815301076,1909f56bfc062723c751e8b465ee728b)
Start importing Assets/Oculus/Interaction/Samples/Objects/Props/Torch/Textures/torchTexture_Albedo.png using Guid(556db76eed328a140ab90ca35c835f01) Importer(815301076,1909f56bfc062723c751e8b465ee728b)  -> (artifact id: 'e0508d3f014e297289d7bac72c081fa6') in 0.056860 seconds 
  Import took 0.065799 seconds .

========================================================================
Received Import Request.
  Time since last request: 0.000298 seconds.
  path: Assets/Oculus/Interaction/Samples/Objects/Props/Torch/Textures/torchTexture_Metal.png
  artifactKey: Guid(d93b1bf13e6a6304da577e91409bdc28) Importer(815301076,1909f56bfc062723c751e8b465ee728b)
Start importing Assets/Oculus/Interaction/Samples/Objects/Props/Torch/Textures/torchTexture_Metal.png using Guid(d93b1bf13e6a6304da577e91409bdc28) Importer(815301076,1909f56bfc062723c751e8b465ee728b)  -> (artifact id: '804c6e17d6149f10f515baa5f1ac49b1') in 0.026035 seconds 
  Import took 0.035122 seconds .

========================================================================
Received Import Request.
  Time since last request: 3.035798 seconds.
  path: Assets/Oculus/Interaction/Samples/Audio/Prefabs/BasicGesturesSwipeAudio.prefab
  artifactKey: Guid(87f21855284871e4aa142d376bd8f2ab) Importer(815301076,1909f56bfc062723c751e8b465ee728b)
Start importing Assets/Oculus/Interaction/Samples/Audio/Prefabs/BasicGesturesSwipeAudio.prefab using Guid(87f21855284871e4aa142d376bd8f2ab) Importer(815301076,1909f56bfc062723c751e8b465ee728b)  -> (artifact id: '6d801b6c70edf85779fe5263df89a740') in 0.023482 seconds 
  Import took 0.028465 seconds .

========================================================================
Received Import Request.
  Time since last request: 0.000247 seconds.
  path: Assets/Oculus/Interaction/Samples/Objects/Environment/BasicGrabInfoFrames.prefab
  artifactKey: Guid(5239d13158998b148b3e5a0c1de7c054) Importer(815301076,1909f56bfc062723c751e8b465ee728b)
Start importing Assets/Oculus/Interaction/Samples/Objects/Environment/BasicGrabInfoFrames.prefab using Guid(5239d13158998b148b3e5a0c1de7c054) Importer(815301076,1909f56bfc062723c751e8b465ee728b)  -> (artifact id: '4ea12411ce44c83b9edab310421be7c6') in 0.090062 seconds 
  Import took 0.095828 seconds .

========================================================================
Received Import Request.
  Time since last request: 0.000258 seconds.
  path: Assets/Oculus/Interaction/Samples/Audio/Prefabs/BasicPokeCanvasNoOpAudio.prefab
  artifactKey: Guid(a9f06a12402a7514ab2b24bf280292cf) Importer(815301076,1909f56bfc062723c751e8b465ee728b)
Start importing Assets/Oculus/Interaction/Samples/Audio/Prefabs/BasicPokeCanvasNoOpAudio.prefab using Guid(a9f06a12402a7514ab2b24bf280292cf) Importer(815301076,1909f56bfc062723c751e8b465ee728b)  -> (artifact id: '330400bb6d9fb5f9aa6708bc4727f2b5') in 0.014423 seconds 
  Import took 0.020452 seconds .

========================================================================
Received Import Request.
  Time since last request: 0.000414 seconds.
  path: Assets/Oculus/Interaction/Samples/Audio/Prefabs/BasicPokeKeypadReleaseAudio.prefab
  artifactKey: Guid(f9e7872b9c21d4244801c3d1d508ffcd) Importer(815301076,1909f56bfc062723c751e8b465ee728b)
Start importing Assets/Oculus/Interaction/Samples/Audio/Prefabs/BasicPokeKeypadReleaseAudio.prefab using Guid(f9e7872b9c21d4244801c3d1d508ffcd) Importer(815301076,1909f56bfc062723c751e8b465ee728b)  -> (artifact id: 'bba0f8ec7d6f359c9329f978f8c27197') in 0.014419 seconds 
  Import took 0.024830 seconds .

========================================================================
Received Import Request.
  Time since last request: 0.000280 seconds.
  path: Assets/Oculus/Interaction/Samples/Audio/Prefabs/BasicRayBackAudio.prefab
  artifactKey: Guid(1d7be4acb4bd00648841123ed349dc57) Importer(815301076,1909f56bfc062723c751e8b465ee728b)
Start importing Assets/Oculus/Interaction/Samples/Audio/Prefabs/BasicRayBackAudio.prefab using Guid(1d7be4acb4bd00648841123ed349dc57) Importer(815301076,1909f56bfc062723c751e8b465ee728b)  -> (artifact id: '623cff50b22ea5be36b4570e7bcd50a8') in 0.032538 seconds 
  Import took 0.039988 seconds .

========================================================================
Received Import Request.
  Time since last request: 0.000216 seconds.
  path: Assets/Oculus/VR/Materials/BasicHandMaterial.mat
  artifactKey: Guid(5ba7d209f622bb44e87b47ce27ee27b7) Importer(815301076,1909f56bfc062723c751e8b465ee728b)
Start importing Assets/Oculus/VR/Materials/BasicHandMaterial.mat using Guid(5ba7d209f622bb44e87b47ce27ee27b7) Importer(815301076,1909f56bfc062723c751e8b465ee728b)  -> (artifact id: '548d031e70a093ed0d0dac0d71d9f775') in 0.068758 seconds 
  Import took 0.074077 seconds .

========================================================================
Received Import Request.
  Time since last request: 0.000263 seconds.
  path: Assets/Oculus/Interaction/Samples/Audio/Prefabs/BasicPokeButtonReleaseAudio.prefab
  artifactKey: Guid(347797637f5237c40b239ea44fef63f1) Importer(815301076,1909f56bfc062723c751e8b465ee728b)
Start importing Assets/Oculus/Interaction/Samples/Audio/Prefabs/BasicPokeButtonReleaseAudio.prefab using Guid(347797637f5237c40b239ea44fef63f1) Importer(815301076,1909f56bfc062723c751e8b465ee728b)  -> (artifact id: '16f8828deda9f6497e84578c60fdf6bb') in 0.017742 seconds 
  Import took 0.024223 seconds .

========================================================================
Received Import Request.
  Time since last request: 0.000238 seconds.
  path: Assets/Oculus/Interaction/Samples/Audio/Prefabs/BasicGrabReleaseAudio.prefab
  artifactKey: Guid(4c10bc37c0e8b774387330f749138159) Importer(815301076,1909f56bfc062723c751e8b465ee728b)
Start importing Assets/Oculus/Interaction/Samples/Audio/Prefabs/BasicGrabReleaseAudio.prefab using Guid(4c10bc37c0e8b774387330f749138159) Importer(815301076,1909f56bfc062723c751e8b465ee728b)  -> (artifact id: '69c573e079c2667e6e9485af4b4d7f7a') in 0.023685 seconds 
  Import took 0.031829 seconds .

========================================================================
Received Import Request.
  Time since last request: 0.000300 seconds.
  path: Assets/Oculus/Interaction/Samples/Objects/Environment/BasicPoseDetectionPoses.prefab
  artifactKey: Guid(48779c4e9105c1d4c986f52958bba9a3) Importer(815301076,1909f56bfc062723c751e8b465ee728b)
Start importing Assets/Oculus/Interaction/Samples/Objects/Environment/BasicPoseDetectionPoses.prefab using Guid(48779c4e9105c1d4c986f52958bba9a3) Importer(815301076,1909f56bfc062723c751e8b465ee728b)  -> (artifact id: 'a44e9930aa06b2a9d46aa30e1784f96c') in 0.364476 seconds 
  Import took 0.371989 seconds .

========================================================================
Received Import Request.
  Time since last request: 0.000195 seconds.
  path: Assets/Oculus/Interaction/Samples/Audio/Prefabs/BasicPokeButtonPressAudio.prefab
  artifactKey: Guid(4b2ec9cc45d57c047b74113a934b6887) Importer(815301076,1909f56bfc062723c751e8b465ee728b)
Start importing Assets/Oculus/Interaction/Samples/Audio/Prefabs/BasicPokeButtonPressAudio.prefab using Guid(4b2ec9cc45d57c047b74113a934b6887) Importer(815301076,1909f56bfc062723c751e8b465ee728b)  -> (artifact id: '6d470aaedb9aeb7dd91b9471f70c3a4c') in 0.014001 seconds 
  Import took 0.021632 seconds .

========================================================================
Received Import Request.
  Time since last request: 0.000247 seconds.
  path: Assets/Oculus/Interaction/Samples/Audio/Prefabs/BasicPokeToyButtonReleaseAudio.prefab
  artifactKey: Guid(08eeff844ea75dc4192675890988e004) Importer(815301076,1909f56bfc062723c751e8b465ee728b)
Start importing Assets/Oculus/Interaction/Samples/Audio/Prefabs/BasicPokeToyButtonReleaseAudio.prefab using Guid(08eeff844ea75dc4192675890988e004) Importer(815301076,1909f56bfc062723c751e8b465ee728b)  -> (artifact id: '535f3522556c7703c3d4518301306a08') in 0.052724 seconds 
  Import took 0.059044 seconds .

========================================================================
Received Import Request.
  Time since last request: 0.000280 seconds.
  path: Assets/Oculus/Interaction/Samples/Objects/Environment/BasicPokeInfoFrames.prefab
  artifactKey: Guid(6a252322fe21bc94986e47f1b97861d3) Importer(815301076,1909f56bfc062723c751e8b465ee728b)
Start importing Assets/Oculus/Interaction/Samples/Objects/Environment/BasicPokeInfoFrames.prefab using Guid(6a252322fe21bc94986e47f1b97861d3) Importer(815301076,1909f56bfc062723c751e8b465ee728b)  -> (artifact id: '534f2322f5d534c0e7fa1ec05bc15f28') in 0.047728 seconds 
  Import took 0.057974 seconds .

========================================================================
Received Import Request.
  Time since last request: 0.000259 seconds.
  path: Assets/Oculus/Interaction/Samples/Audio/Prefabs/BasicPokeToyButtonPressAudio.prefab
  artifactKey: Guid(2c388bdb963a363418437ef4347b4522) Importer(815301076,1909f56bfc062723c751e8b465ee728b)
Start importing Assets/Oculus/Interaction/Samples/Audio/Prefabs/BasicPokeToyButtonPressAudio.prefab using Guid(2c388bdb963a363418437ef4347b4522) Importer(815301076,1909f56bfc062723c751e8b465ee728b)  -> (artifact id: '40307a88019ca7669a81fb54da55fbdc') in 0.052416 seconds 
  Import took 0.059813 seconds .

========================================================================
Received Import Request.
  Time since last request: 0.000329 seconds.
  path: Assets/Oculus/Interaction/Samples/Audio/Prefabs/BasicGrabPickupAudio.prefab
  artifactKey: Guid(b47fbfedcfef5414580d99c9115e2b8a) Importer(815301076,1909f56bfc062723c751e8b465ee728b)
Start importing Assets/Oculus/Interaction/Samples/Audio/Prefabs/BasicGrabPickupAudio.prefab using Guid(b47fbfedcfef5414580d99c9115e2b8a) Importer(815301076,1909f56bfc062723c751e8b465ee728b)  -> (artifact id: 'b0ce1f58c7d175c813023d7234e33137') in 0.018157 seconds 
  Import took 0.024560 seconds .

========================================================================
Received Import Request.
  Time since last request: 0.000299 seconds.
  path: Assets/Oculus/Interaction/Samples/Audio/Prefabs/BasicPokeCanvasReleaseAudio.prefab
  artifactKey: Guid(5be9ac6f03f4be64d8d686b355cd0961) Importer(815301076,1909f56bfc062723c751e8b465ee728b)
Start importing Assets/Oculus/Interaction/Samples/Audio/Prefabs/BasicPokeCanvasReleaseAudio.prefab using Guid(5be9ac6f03f4be64d8d686b355cd0961) Importer(815301076,1909f56bfc062723c751e8b465ee728b)  -> (artifact id: '5b8c93324856cbdf47fa4735cfcc58ae') in 0.019829 seconds 
  Import took 0.030519 seconds .

========================================================================
Received Import Request.
  Time since last request: 0.000275 seconds.
  path: Assets/Oculus/Interaction/Samples/Audio/Prefabs/BasicRayPressAudio.prefab
  artifactKey: Guid(0212822be96f68142aafa96fbc13bec0) Importer(815301076,1909f56bfc062723c751e8b465ee728b)
Start importing Assets/Oculus/Interaction/Samples/Audio/Prefabs/BasicRayPressAudio.prefab using Guid(0212822be96f68142aafa96fbc13bec0) Importer(815301076,1909f56bfc062723c751e8b465ee728b)  -> (artifact id: '2e0a4ac8da23fc526bba40984efc4c62') in 0.030777 seconds 
  Import took 0.037898 seconds .

========================================================================
Received Import Request.
  Time since last request: 0.000257 seconds.
  path: Assets/Oculus/Interaction/Samples/Audio/Prefabs/BasicPokeCanvasPressAudio.prefab
  artifactKey: Guid(13a74428dd920fd4797387cc4bb18321) Importer(815301076,1909f56bfc062723c751e8b465ee728b)
Start importing Assets/Oculus/Interaction/Samples/Audio/Prefabs/BasicPokeCanvasPressAudio.prefab using Guid(13a74428dd920fd4797387cc4bb18321) Importer(815301076,1909f56bfc062723c751e8b465ee728b)  -> (artifact id: 'b7f3107eb56c604ef9224a20cf17146a') in 0.017239 seconds 
  Import took 0.026005 seconds .

========================================================================
Received Import Request.
  Time since last request: 0.000244 seconds.
  path: Assets/Oculus/Interaction/Samples/Objects/Environment/BasicPoseExamples.prefab
  artifactKey: Guid(a823fe55a7107c04abd21f4ede9425b3) Importer(815301076,1909f56bfc062723c751e8b465ee728b)
Start importing Assets/Oculus/Interaction/Samples/Objects/Environment/BasicPoseExamples.prefab using Guid(a823fe55a7107c04abd21f4ede9425b3) Importer(815301076,1909f56bfc062723c751e8b465ee728b)  -> (artifact id: 'cfe90ef5c980bb8b52a2bd990133684e') in 0.130974 seconds 
  Import took 0.139253 seconds .

========================================================================
Received Import Request.
  Time since last request: 0.000215 seconds.
  path: Assets/Oculus/Interaction/Samples/Audio/Prefabs/BasicPokeKeypadPressAudio.prefab
  artifactKey: Guid(0d5e681c36329dc4e9e700f470026b2e) Importer(815301076,1909f56bfc062723c751e8b465ee728b)
Start importing Assets/Oculus/Interaction/Samples/Audio/Prefabs/BasicPokeKeypadPressAudio.prefab using Guid(0d5e681c36329dc4e9e700f470026b2e) Importer(815301076,1909f56bfc062723c751e8b465ee728b)  -> (artifact id: '8b2d236eaaa31906e590068818cfd48d') in 0.096217 seconds 
  Import took 0.102009 seconds .

========================================================================
Received Import Request.
  Time since last request: 0.000221 seconds.
  path: Assets/Oculus/Interaction/Samples/Audio/Prefabs/BasicRayHoverAudio.prefab
  artifactKey: Guid(539d637ec1110d44982e443b95b5a61b) Importer(815301076,1909f56bfc062723c751e8b465ee728b)
Start importing Assets/Oculus/Interaction/Samples/Audio/Prefabs/BasicRayHoverAudio.prefab using Guid(539d637ec1110d44982e443b95b5a61b) Importer(815301076,1909f56bfc062723c751e8b465ee728b)  -> (artifact id: 'd1da636197a132653e49975104450df4') in 0.027633 seconds 
  Import took 0.033323 seconds .

========================================================================
Received Import Request.
  Time since last request: 0.163473 seconds.
  path: Assets/Oculus/Interaction/Samples/Scenes/BasicGrab.unity
  artifactKey: Guid(13bd76582a631124699f410c1e007f8c) Importer(815301076,1909f56bfc062723c751e8b465ee728b)
Start importing Assets/Oculus/Interaction/Samples/Scenes/BasicGrab.unity using Guid(13bd76582a631124699f410c1e007f8c) Importer(815301076,1909f56bfc062723c751e8b465ee728b)  -> (artifact id: 'b5befa560ac6011ae3b2cde8f9724f40') in 0.010968 seconds 
  Import took 0.017240 seconds .

========================================================================
Received Prepare
Registering precompiled user dll's ...
Registered in 0.008213 seconds.
Begin MonoManager ReloadAssembly
Native extension for WindowsStandalone target not found
Refreshing native plugins compatible for Editor in 0.92 ms, found 6 plugins.
Preloading 1 native plugins for Editor in 0.13 ms.
System.Reflection.TargetInvocationException: Exception has been thrown by the target of an invocation. ---> System.NullReferenceException: Object reference not set to an instance of an object
  at Unity.XR.Oculus.OculusLoader.AssetPathToAbsolutePath (System.String assetPath) [0x00048] in C:\Users\acryl\OneDrive\Documents\GitHub\VisuoVestibularIllusion\VV_OculusController\Library\PackageCache\com.unity.xr.oculus@1.11.2\Runtime\OculusLoader.cs:250 
  at Unity.XR.Oculus.OculusLoader.EditorLoadOVRPlugin () [0x0007b] in C:\Users\acryl\OneDrive\Documents\GitHub\VisuoVestibularIllusion\VV_OculusController\Library\PackageCache\com.unity.xr.oculus@1.11.2\Runtime\OculusLoader.cs:235 
  at (wrapper managed-to-native) System.Reflection.MonoMethod.InternalInvoke(System.Reflection.MonoMethod,object,object[],System.Exception&)
  at System.Reflection.MonoMethod.Invoke (System.Object obj, System.Reflection.BindingFlags invokeAttr, System.Reflection.Binder binder, System.Object[] parameters, System.Globalization.CultureInfo culture) [0x00032] in <695d1cc93cca45069c528c15c9fdd749>:0 
   --- End of inner exception stack trace ---
  at System.Reflection.MonoMethod.Invoke (System.Object obj, System.Reflection.BindingFlags invokeAttr, System.Reflection.Binder binder, System.Object[] parameters, System.Globalization.CultureInfo culture) [0x00048] in <695d1cc93cca45069c528c15c9fdd749>:0 
  at System.Reflection.MethodBase.Invoke (System.Object obj, System.Object[] parameters) [0x00000] in <695d1cc93cca45069c528c15c9fdd749>:0 
  at UnityEditor.EditorAssemblies.ProcessInitializeOnLoadMethodAttributes () [0x00047] in <7ac35247888b44f4a7e290f1f6bb33f3>:0 
UnityEngine.StackTraceUtility:ExtractStackTrace ()
UnityEngine.DebugLogHandler:LogFormat (UnityEngine.LogType,UnityEngine.Object,string,object[])
UnityEngine.Logger:Log (UnityEngine.LogType,object)
UnityEngine.Debug:LogError (object)
UnityEditor.EditorAssemblies:ProcessInitializeOnLoadMethodAttributes ()

Mono: successfully reloaded assembly
- Completed reload, in  1.492 seconds
Domain Reload Profiling:
	ReloadAssembly (1493ms)
		BeginReloadAssembly (130ms)
			ExecutionOrderSort (0ms)
			DisableScriptedObjects (6ms)
			BackupInstance (0ms)
			ReleaseScriptingObjects (0ms)
			CreateAndSetChildDomain (38ms)
		EndReloadAssembly (1276ms)
			LoadAssemblies (113ms)
			RebuildTransferFunctionScriptingTraits (0ms)
			SetupTypeCache (520ms)
			ReleaseScriptCaches (1ms)
			RebuildScriptCaches (61ms)
			SetupLoadedEditorAssemblies (416ms)
				LogAssemblyErrors (0ms)
				InitializePlatformSupportModulesInManaged (6ms)
				SetLoadedEditorAssemblies (1ms)
				RefreshPlugins (1ms)
				BeforeProcessingInitializeOnLoad (90ms)
				ProcessInitializeOnLoadAttributes (281ms)
				ProcessInitializeOnLoadMethodAttributes (26ms)
				AfterProcessingInitializeOnLoad (11ms)
				EditorAssembliesLoaded (0ms)
			ExecutionOrderSort2 (0ms)
			AwakeInstancesAfterBackupRestoration (8ms)
Platform modules already initialized, skipping
Shader 'Oculus/OVRMRCameraFrameLit': fallback shader 'Alpha-Diffuse' not found
Refreshing native plugins compatible for Editor in 0.96 ms, found 6 plugins.
Preloading 1 native plugins for Editor in 0.10 ms.
Unloading 2569 Unused Serialized files (Serialized files now loaded: 0)
System memory in use before: 128.7 MB.
System memory in use after: 128.9 MB.

Unloading 33 unused Assets to reduce memory usage. Loaded Objects now: 3141.
Total: 3.456200 ms (FindLiveObjects: 0.269200 ms CreateObjectMapping: 0.167600 ms MarkObjects: 2.959300 ms  DeleteObjects: 0.058800 ms)

AssetImportParameters requested are different than current active one (requested -> active):
  custom:framework-win-MediaFoundation: 216162199b28c13a410421893ffa2e32 -> 
  custom:video-decoder-ogg-theora: a1e56fd34408186e4bbccfd4996cb3dc -> 
  custom:container-muxer-webm: aa71ff27fc2769a1b78a27578f13a17b -> 
  custom:container-demuxer-webm: 4f35f7cbe854078d1ac9338744f61a02 -> 
  custom:container-demuxer-ogg: 62fdf1f143b41e24485cea50d1cbac27 -> 
  custom:video-encoder-webm-vp8: eb34c28f22e8b96e1ab97ce403110664 -> 
  custom:video-codec-MediaFoundation-h265: 746d11721c4dcdbdad8f713fa42b33f4 -> 
  custom:video-decoder-webm-vp8: 9c59270c3fd7afecdb556c50c9e8de78 -> 
  custom:audio-decoder-ogg-vorbis: bf7c407c2cedff20999df2af8eb42d56 -> 
  custom:audio-encoder-webm-vorbis: bf7c407c2cedff20999df2af8eb42d56 -> 
========================================================================
Received Prepare
Registering precompiled user dll's ...
Registered in 0.008236 seconds.
Begin MonoManager ReloadAssembly
Native extension for WindowsStandalone target not found
Refreshing native plugins compatible for Editor in 0.97 ms, found 6 plugins.
Preloading 1 native plugins for Editor in 0.13 ms.
System.Reflection.TargetInvocationException: Exception has been thrown by the target of an invocation. ---> System.NullReferenceException: Object reference not set to an instance of an object
  at Unity.XR.Oculus.OculusLoader.AssetPathToAbsolutePath (System.String assetPath) [0x00048] in C:\Users\acryl\OneDrive\Documents\GitHub\VisuoVestibularIllusion\VV_OculusController\Library\PackageCache\com.unity.xr.oculus@1.11.2\Runtime\OculusLoader.cs:250 
  at Unity.XR.Oculus.OculusLoader.EditorLoadOVRPlugin () [0x0007b] in C:\Users\acryl\OneDrive\Documents\GitHub\VisuoVestibularIllusion\VV_OculusController\Library\PackageCache\com.unity.xr.oculus@1.11.2\Runtime\OculusLoader.cs:235 
  at (wrapper managed-to-native) System.Reflection.MonoMethod.InternalInvoke(System.Reflection.MonoMethod,object,object[],System.Exception&)
  at System.Reflection.MonoMethod.Invoke (System.Object obj, System.Reflection.BindingFlags invokeAttr, System.Reflection.Binder binder, System.Object[] parameters, System.Globalization.CultureInfo culture) [0x00032] in <695d1cc93cca45069c528c15c9fdd749>:0 
   --- End of inner exception stack trace ---
  at System.Reflection.MonoMethod.Invoke (System.Object obj, System.Reflection.BindingFlags invokeAttr, System.Reflection.Binder binder, System.Object[] parameters, System.Globalization.CultureInfo culture) [0x00048] in <695d1cc93cca45069c528c15c9fdd749>:0 
  at System.Reflection.MethodBase.Invoke (System.Object obj, System.Object[] parameters) [0x00000] in <695d1cc93cca45069c528c15c9fdd749>:0 
  at UnityEditor.EditorAssemblies.ProcessInitializeOnLoadMethodAttributes () [0x00047] in <7ac35247888b44f4a7e290f1f6bb33f3>:0 
UnityEngine.StackTraceUtility:ExtractStackTrace ()
UnityEngine.DebugLogHandler:LogFormat (UnityEngine.LogType,UnityEngine.Object,string,object[])
UnityEngine.Logger:Log (UnityEngine.LogType,object)
UnityEngine.Debug:LogError (object)
UnityEditor.EditorAssemblies:ProcessInitializeOnLoadMethodAttributes ()

Mono: successfully reloaded assembly
- Completed reload, in  1.312 seconds
Domain Reload Profiling:
	ReloadAssembly (1313ms)
		BeginReloadAssembly (130ms)
			ExecutionOrderSort (0ms)
			DisableScriptedObjects (6ms)
			BackupInstance (0ms)
			ReleaseScriptingObjects (0ms)
			CreateAndSetChildDomain (38ms)
		EndReloadAssembly (1091ms)
			LoadAssemblies (108ms)
			RebuildTransferFunctionScriptingTraits (0ms)
			SetupTypeCache (393ms)
			ReleaseScriptCaches (1ms)
			RebuildScriptCaches (54ms)
			SetupLoadedEditorAssemblies (396ms)
				LogAssemblyErrors (0ms)
				InitializePlatformSupportModulesInManaged (6ms)
				SetLoadedEditorAssemblies (1ms)
				RefreshPlugins (1ms)
				BeforeProcessingInitializeOnLoad (85ms)
				ProcessInitializeOnLoadAttributes (267ms)
				ProcessInitializeOnLoadMethodAttributes (25ms)
				AfterProcessingInitializeOnLoad (10ms)
				EditorAssembliesLoaded (0ms)
			ExecutionOrderSort2 (0ms)
			AwakeInstancesAfterBackupRestoration (8ms)
Platform modules already initialized, skipping
Shader 'Oculus/OVRMRCameraFrameLit': fallback shader 'Alpha-Diffuse' not found
Refreshing native plugins compatible for Editor in 0.85 ms, found 6 plugins.
Preloading 1 native plugins for Editor in 0.10 ms.
Unloading 2569 Unused Serialized files (Serialized files now loaded: 0)
System memory in use before: 128.7 MB.
System memory in use after: 128.9 MB.

Unloading 31 unused Assets to reduce memory usage. Loaded Objects now: 3144.
Total: 3.456100 ms (FindLiveObjects: 0.263700 ms CreateObjectMapping: 0.158400 ms MarkObjects: 3.010000 ms  DeleteObjects: 0.023100 ms)

AssetImportParameters requested are different than current active one (requested -> active):
  custom:framework-win-MediaFoundation: 216162199b28c13a410421893ffa2e32 -> 
  custom:video-decoder-ogg-theora: a1e56fd34408186e4bbccfd4996cb3dc -> 
  custom:container-muxer-webm: aa71ff27fc2769a1b78a27578f13a17b -> 
  custom:container-demuxer-webm: 4f35f7cbe854078d1ac9338744f61a02 -> 
  custom:container-demuxer-ogg: 62fdf1f143b41e24485cea50d1cbac27 -> 
  custom:video-encoder-webm-vp8: eb34c28f22e8b96e1ab97ce403110664 -> 
  custom:video-codec-MediaFoundation-h265: 746d11721c4dcdbdad8f713fa42b33f4 -> 
  custom:video-decoder-webm-vp8: 9c59270c3fd7afecdb556c50c9e8de78 -> 
  custom:audio-decoder-ogg-vorbis: bf7c407c2cedff20999df2af8eb42d56 -> 
  custom:audio-encoder-webm-vorbis: bf7c407c2cedff20999df2af8eb42d56 -> 
========================================================================
Received Prepare
Registering precompiled user dll's ...
Registered in 0.006424 seconds.
Begin MonoManager ReloadAssembly
Native extension for WindowsStandalone target not found
Refreshing native plugins compatible for Editor in 0.95 ms, found 6 plugins.
Preloading 1 native plugins for Editor in 0.13 ms.
System.Reflection.TargetInvocationException: Exception has been thrown by the target of an invocation. ---> System.NullReferenceException: Object reference not set to an instance of an object
  at Unity.XR.Oculus.OculusLoader.AssetPathToAbsolutePath (System.String assetPath) [0x00048] in C:\Users\acryl\OneDrive\Documents\GitHub\VisuoVestibularIllusion\VV_OculusController\Library\PackageCache\com.unity.xr.oculus@1.11.2\Runtime\OculusLoader.cs:250 
  at Unity.XR.Oculus.OculusLoader.EditorLoadOVRPlugin () [0x0007b] in C:\Users\acryl\OneDrive\Documents\GitHub\VisuoVestibularIllusion\VV_OculusController\Library\PackageCache\com.unity.xr.oculus@1.11.2\Runtime\OculusLoader.cs:235 
  at (wrapper managed-to-native) System.Reflection.MonoMethod.InternalInvoke(System.Reflection.MonoMethod,object,object[],System.Exception&)
  at System.Reflection.MonoMethod.Invoke (System.Object obj, System.Reflection.BindingFlags invokeAttr, System.Reflection.Binder binder, System.Object[] parameters, System.Globalization.CultureInfo culture) [0x00032] in <695d1cc93cca45069c528c15c9fdd749>:0 
   --- End of inner exception stack trace ---
  at System.Reflection.MonoMethod.Invoke (System.Object obj, System.Reflection.BindingFlags invokeAttr, System.Reflection.Binder binder, System.Object[] parameters, System.Globalization.CultureInfo culture) [0x00048] in <695d1cc93cca45069c528c15c9fdd749>:0 
  at System.Reflection.MethodBase.Invoke (System.Object obj, System.Object[] parameters) [0x00000] in <695d1cc93cca45069c528c15c9fdd749>:0 
  at UnityEditor.EditorAssemblies.ProcessInitializeOnLoadMethodAttributes () [0x00047] in <7ac35247888b44f4a7e290f1f6bb33f3>:0 
UnityEngine.StackTraceUtility:ExtractStackTrace ()
UnityEngine.DebugLogHandler:LogFormat (UnityEngine.LogType,UnityEngine.Object,string,object[])
UnityEngine.Logger:Log (UnityEngine.LogType,object)
UnityEngine.Debug:LogError (object)
UnityEditor.EditorAssemblies:ProcessInitializeOnLoadMethodAttributes ()

Mono: successfully reloaded assembly
- Completed reload, in  1.236 seconds
Domain Reload Profiling:
	ReloadAssembly (1237ms)
		BeginReloadAssembly (121ms)
			ExecutionOrderSort (0ms)
			DisableScriptedObjects (6ms)
			BackupInstance (0ms)
			ReleaseScriptingObjects (0ms)
			CreateAndSetChildDomain (35ms)
		EndReloadAssembly (1044ms)
			LoadAssemblies (105ms)
			RebuildTransferFunctionScriptingTraits (0ms)
			SetupTypeCache (373ms)
			ReleaseScriptCaches (1ms)
			RebuildScriptCaches (65ms)
			SetupLoadedEditorAssemblies (378ms)
				LogAssemblyErrors (0ms)
				InitializePlatformSupportModulesInManaged (5ms)
				SetLoadedEditorAssemblies (1ms)
				RefreshPlugins (1ms)
				BeforeProcessingInitializeOnLoad (76ms)
				ProcessInitializeOnLoadAttributes (264ms)
				ProcessInitializeOnLoadMethodAttributes (20ms)
				AfterProcessingInitializeOnLoad (9ms)
				EditorAssembliesLoaded (0ms)
			ExecutionOrderSort2 (0ms)
			AwakeInstancesAfterBackupRestoration (7ms)
Platform modules already initialized, skipping
Shader 'Oculus/OVRMRCameraFrameLit': fallback shader 'Alpha-Diffuse' not found
Refreshing native plugins compatible for Editor in 1.05 ms, found 6 plugins.
Preloading 1 native plugins for Editor in 0.12 ms.
Unloading 2569 Unused Serialized files (Serialized files now loaded: 0)
System memory in use before: 128.7 MB.
System memory in use after: 128.9 MB.

Unloading 31 unused Assets to reduce memory usage. Loaded Objects now: 3147.
Total: 3.533500 ms (FindLiveObjects: 0.278900 ms CreateObjectMapping: 0.182800 ms MarkObjects: 3.044200 ms  DeleteObjects: 0.026600 ms)

AssetImportParameters requested are different than current active one (requested -> active):
  custom:framework-win-MediaFoundation: 216162199b28c13a410421893ffa2e32 -> 
  custom:video-decoder-ogg-theora: a1e56fd34408186e4bbccfd4996cb3dc -> 
  custom:container-muxer-webm: aa71ff27fc2769a1b78a27578f13a17b -> 
  custom:container-demuxer-webm: 4f35f7cbe854078d1ac9338744f61a02 -> 
  custom:container-demuxer-ogg: 62fdf1f143b41e24485cea50d1cbac27 -> 
  custom:video-encoder-webm-vp8: eb34c28f22e8b96e1ab97ce403110664 -> 
  custom:video-codec-MediaFoundation-h265: 746d11721c4dcdbdad8f713fa42b33f4 -> 
  custom:video-decoder-webm-vp8: 9c59270c3fd7afecdb556c50c9e8de78 -> 
  custom:audio-decoder-ogg-vorbis: bf7c407c2cedff20999df2af8eb42d56 -> 
  custom:audio-encoder-webm-vorbis: bf7c407c2cedff20999df2af8eb42d56 -> 
AssetImportWorkerClient::OnTransportError - code=2 error=End of file
